<?xml version="1.0" encoding="UTF-8"?>
<testng-results skipped="0" failed="0" ignored="0" total="1" passed="1">
  <reporter-output>
  </reporter-output>
  <suite name="TESTng" duration-ms="40501" started-at="2020-12-14T02:53:43Z" finished-at="2020-12-14T02:54:24Z">
    <groups>
    </groups>
    <test name="ReTesting" duration-ms="40501" started-at="2020-12-14T02:53:43Z" finished-at="2020-12-14T02:54:24Z">
      <class name="SImple.LaunchAUT">
        <test-method status="PASS" signature="LaunchAUT()[pri:0, instance:SImple.LaunchAUT@501edcf1]" name="LaunchAUT" duration-ms="40456" started-at="2020-12-14T02:53:43Z" finished-at="2020-12-14T02:54:24Z">
          <reporter-output>
          </reporter-output>
        </test-method> <!-- LaunchAUT -->
      </class> <!-- SImple.LaunchAUT -->
    </test> <!-- ReTesting -->
  </suite> <!-- TESTng -->
</testng-results>
